Loading settings from file "settings.xml"...OK
Creating new ScreenManager.
Running the game
Init mouse...
OK
Init sound system... 
    Device allocation succeeded.
OK
Adding new provider : ArcEngine.Providers.FontProvider {ArcEngine.Asset.TextureFont, }
Adding new provider : ArcEngine.Providers.ScriptProvider {ArcEngine.Asset.Script, ArcEngine.Asset.ScriptModel, }
Adding new provider : ArcEngine.Providers.TileSetProvider {ArcEngine.Asset.TileSet, }
Adding new provider : ArcEngine.Providers.StringTableProvider {ArcEngine.Asset.StringTable, }
Adding new provider : ArcEngine.Providers.AnimationProvider {ArcEngine.Asset.Animation, }
Adding new provider : ArcEngine.Providers.LayoutProvider {ArcEngine.Asset.Layout, }
Adding new provider : ArcEngine.Providers.KeyboardSchemeProvider {ArcEngine.KeyboardScheme, }
Adding new provider : DungeonEye.DungeonProvider {DungeonEye.Dungeon, DungeonEye.ItemSet, DungeonEye.Monster, DungeonEye.WallDecoration, }
Loading resources from file "data/data.bnk"...
    + AutoMap.png
    + chargen.png
    + Doors.png
    + Font-Intro.png
    + Font-Outlined.png
    + Font.png
    + Heroes.png
    + interface.png
    + items.png
    + Main Menu.png
    + Monsters.png
    + wall-blue-overlay.png
    + wall-blue.png
    + wall-brick-overlay.png
    + wall-brick.png
    + wall-drow-overlay.png
    + wall-drow.png
    + wall-green-overlay.png
    + wall-green.png
    + wall-xhanata-overlay.png
    + wall-xhanata.png
    + TextureFont.xml
    + Script.xml
    + ScriptModel.xml
    + TileSet.xml
    + StringTable.xml
    + Animation.xml
    + Layout.xml
    + KeyboardScheme.xml
    + Dungeon.xml
    + ItemSet.xml
    + Monster.xml
    + WallDecoration.xml
Sezam, open !
Sezam, open !
Sezam, open !
Sezam, open !
Sezam, open !
Sezam, open !
Exit requested !
Exit requested !
