#####Trace()
######Game()
26/09/2009 17:23:29
Hardware informations :
    OS : Microsoft Windows NT 6.1.7600.0
    Platform : x64
    SP : 
    Processor count : 2
Software informations :
    CLR : 2.0.50727.4927
Referenced assemblies :
    DigitalRune.Windows.TextEditor, Version=1.3.0.0, Culture=neutral, PublicKeyToken=null
    ICSharpCode.SharpZipLib, Version=0.85.5.452, Culture=neutral, PublicKeyToken=1b03e6acf1164f73
    mscorlib, Version=2.0.0.0, Culture=neutral, PublicKeyToken=b77a5c561934e089
    OpenTK, Version=0.9.9.2, Culture=neutral, PublicKeyToken=null
    OpenTK.GLControl, Version=0.9.9.2, Culture=neutral, PublicKeyToken=null
    System, Version=2.0.0.0, Culture=neutral, PublicKeyToken=b77a5c561934e089
    System.Drawing, Version=2.0.0.0, Culture=neutral, PublicKeyToken=b03f5f7f11d50a3a
    System.Web, Version=2.0.0.0, Culture=neutral, PublicKeyToken=b03f5f7f11d50a3a
    System.Windows.Forms, Version=2.0.0.0, Culture=neutral, PublicKeyToken=b77a5c561934e089
    System.Xml, Version=2.0.0.0, Culture=neutral, PublicKeyToken=b77a5c561934e089
    WeifenLuo.WinFormsUI.Docking, Version=2.3.1.24483, Culture=neutral, PublicKeyToken=null
Detected configuration: Windows / .Net
DisplayDevice 0 (secondary) supports 180 resolutions.
DisplayDevice 1 (primary) supports 198 resolutions.
Creating default GraphicsMode (32, 16, 0, 0, 0, 2, False).
Creating GraphicsContext.
    Found joystick on device number 0
    Creating GraphicsContext.
        Device context: -1946084589
        Selecting pixel format... GraphicsMode: Index: 11, Color: 24 (8880), Depth: 0, Stencil: 0, Samples: 0, Accum: 64 (16161616), Buffers: 2, Stereo: False
        IWindowInfo: Windows.WindowInfo: Handle 3278488, Parent (Windows.WindowInfo: Handle 1967888, Parent (null))
        GraphicsContextFlags: Default
        Requested version: 1.0
        Loaded opengl32.dll: 8791463690240
        OpenGL will be bound to handle: 3278488
        Setting pixel format... 11
        Creating temporary context for wgl extensions.
        Load extensions for OpenTK.Platform.Windows.Wgl... 50 extensions loaded in 18 ms.
        Load extensions for OpenTK.Platform.Windows.Wgl... 50 extensions loaded in 1 ms.
        Using WGL_ARB_create_context... success!
        success! (id: 131072)
    Selecting pixel format (ARB)... success!
    Disposing context 131072.
    Destroying window: Windows.WindowInfo: Handle 1967888, Parent (null)
    GraphicsMode: Index: 8, Color: 32 (8888), Depth: 24, Stencil: 0, Samples: 0, Accum: 64 (16161616), Buffers: 2, Stereo: False
    IWindowInfo: Windows.WindowInfo: Handle 1903110, Parent (null)
    GraphicsContextFlags: Default
    Requested version: 1.0
    OpenGL will be bound to handle: 1903110
    Setting pixel format... 8
    Using WGL_ARB_create_context... success!
    success! (id: 196608)
Load extensions for OpenTK.Platform.Windows.Wgl... 50 extensions loaded in 2 ms.
Load extensions for OpenTK.Graphics.OpenGL.GL... 1900 extensions loaded in 365 ms.
Video informations :
    Graphics card vendor : NVIDIA Corporation
    Renderer : GeForce 8800 GTS/PCI/SSE2
    Display modes
        Secondary: {X=1280,Y=0,Width=1280,Height=1024}x32@75Hz (180 modes available)
        Primary: {X=0,Y=0,Width=1280,Height=1024}x32@75Hz (198 modes available)
Init mouse...
OK
######ResourceManager()
Adding new provider : ArcEngine.Providers.FontProvider {ArcEngine.Asset.Font2d, }
Adding new provider : ArcEngine.Providers.ScriptProvider {ArcEngine.Asset.Script, ArcEngine.Asset.ScriptModel, }
Adding new provider : ArcEngine.Providers.TileSetProvider {ArcEngine.Asset.TileSet, }
Adding new provider : ArcEngine.Providers.StringTableProvider {ArcEngine.Asset.StringTable, }
Adding new provider : ArcEngine.Providers.AnimationProvider {ArcEngine.Asset.AnimationA, ArcEngine.Asset.Animation, }
Adding new provider : ArcEngine.Providers.LayoutProvider {ArcEngine.Asset.Layout, }
Adding new provider : ArcEngine.Providers.KeyboardSchemeProvider {ArcEngine.Asset.KeyboardScheme, }
Adding new provider : ArcEngine.Providers.AudioProvider {ArcEngine.Asset.Audio, }
Init sound system... Enumerating audio devices.
        Found playback devices:
        Generic Software on Haut-parleurs (Périphérique High Definition Audio)
        Generic Software on Audio numérique (HDMI) (Périphérique High Definition Audio)
        Generic Software on Audio numérique (SPDIF) (Périphérique High Definition Audio)
        Generic Software on Casque (Périphérique High Definition Audio)
        Default playback device: Generic Software on Haut-parleurs (Périphérique High Definition Audio)
        Found recording devices:
        Microphone (Périphérique High D
        Default recording device: Microphone (Périphérique High D
    OK !
Adding new provider : ArcEngine.Games.RuffnTumble.Asset.LevelProvider {ArcEngine.Games.RuffnTumble.Asset.Level, ArcEngine.Games.RuffnTumble.Asset.Model, }
Loading resources from file "data/world1.bnk"...
    + accid___.ttf
    + Animation.xml
    + Barber_shop.ttf
    + collisiontiles.png
    + flyingdude.png
    + KeyboardScheme.xml
    + layout.png
    + Layout.xml
    + Level.xml
    + level1_1.png
    + level1_2.png
    + level1_3.png
    + level1_4.png
    + level1_5.png
    + rocketman.png
    + Ruff.png
    + Script.xml
    + ScriptModel.xml
    + StringTable.xml
    + TextureFont.xml
    + TileSet.xml
    + verdana.ttf
    + walker.png
    + WARTORN_.TTF
Loading finished !
Exit requested !
~Game()
